{"C:\\Users\\eunic\\OneDrive\\Documents\\SEMESTRES_ESPOL\\NOVENO_SEMESTRE\\proyectoGPA\\FindMeAPet_Backend\\src\\app.js": {"path":"C:\\Users\\eunic\\OneDrive\\Documents\\SEMESTRES_ESPOL\\NOVENO_SEMESTRE\\proyectoGPA\\FindMeAPet_Backend\\src\\app.js","statementMap":{"0":{"start":{"line":1,"column":16},"end":{"line":1,"column":34}},"1":{"start":{"line":2,"column":15},"end":{"line":2,"column":32}},"2":{"start":{"line":4,"column":22},"end":{"line":4,"column":56}},"3":{"start":{"line":5,"column":19},"end":{"line":5,"column":50}},"4":{"start":{"line":6,"column":11},"end":{"line":6,"column":26}},"5":{"start":{"line":7,"column":13},"end":{"line":7,"column":37}},"6":{"start":{"line":10,"column":14},"end":{"line":10,"column":23}},"7":{"start":{"line":11,"column":2},"end":{"line":11,"column":18}},"8":{"start":{"line":12,"column":2},"end":{"line":12,"column":27}},"9":{"start":{"line":13,"column":2},"end":{"line":13,"column":24}},"10":{"start":{"line":14,"column":2},"end":{"line":14,"column":26}},"11":{"start":{"line":15,"column":2},"end":{"line":15,"column":25}},"12":{"start":{"line":17,"column":2},"end":{"line":17,"column":37}},"13":{"start":{"line":18,"column":2},"end":{"line":18,"column":31}},"14":{"start":{"line":19,"column":2},"end":{"line":19,"column":13}},"15":{"start":{"line":22,"column":0},"end":{"line":22,"column":30}}},"fnMap":{"0":{"name":"createServer","decl":{"start":{"line":9,"column":9},"end":{"line":9,"column":21}},"loc":{"start":{"line":9,"column":24},"end":{"line":20,"column":1}},"line":9}},"branchMap":{"0":{"loc":{"start":{"line":7,"column":13},"end":{"line":7,"column":37}},"type":"binary-expr","locations":[{"start":{"line":7,"column":13},"end":{"line":7,"column":29}},{"start":{"line":7,"column":33},"end":{"line":7,"column":37}}],"line":7}},"s":{"0":1,"1":1,"2":1,"3":1,"4":1,"5":1,"6":1,"7":1,"8":1,"9":1,"10":1,"11":1,"12":1,"13":1,"14":1,"15":1},"f":{"0":1},"b":{"0":[1,1]},"_coverageSchema":"1a1c01bbd47fc00a2c39e90264f33305004495a9","hash":"73deae9ba409684a1aafec75dec6d2203241f04a"}
,"C:\\Users\\eunic\\OneDrive\\Documents\\SEMESTRES_ESPOL\\NOVENO_SEMESTRE\\proyectoGPA\\FindMeAPet_Backend\\src\\database.js": {"path":"C:\\Users\\eunic\\OneDrive\\Documents\\SEMESTRES_ESPOL\\NOVENO_SEMESTRE\\proyectoGPA\\FindMeAPet_Backend\\src\\database.js","statementMap":{"0":{"start":{"line":1,"column":22},"end":{"line":1,"column":42}},"1":{"start":{"line":2,"column":15},"end":{"line":2,"column":36}},"2":{"start":{"line":4,"column":18},"end":{"line":12,"column":1}},"3":{"start":{"line":14,"column":0},"end":{"line":14,"column":27}}},"fnMap":{},"branchMap":{},"s":{"0":1,"1":1,"2":1,"3":1},"f":{},"b":{},"_coverageSchema":"1a1c01bbd47fc00a2c39e90264f33305004495a9","hash":"b2d1e0aea46f986b66f3428b71e4a85c53f9232c"}
,"C:\\Users\\eunic\\OneDrive\\Documents\\SEMESTRES_ESPOL\\NOVENO_SEMESTRE\\proyectoGPA\\FindMeAPet_Backend\\src\\dbconfig.js": {"path":"C:\\Users\\eunic\\OneDrive\\Documents\\SEMESTRES_ESPOL\\NOVENO_SEMESTRE\\proyectoGPA\\FindMeAPet_Backend\\src\\dbconfig.js","statementMap":{"0":{"start":{"line":1,"column":0},"end":{"line":23,"column":2}}},"fnMap":{},"branchMap":{},"s":{"0":1},"f":{},"b":{},"_coverageSchema":"1a1c01bbd47fc00a2c39e90264f33305004495a9","hash":"8472f937d4304b7c10c6cd947abba2005cdf6a90"}
,"C:\\Users\\eunic\\OneDrive\\Documents\\SEMESTRES_ESPOL\\NOVENO_SEMESTRE\\proyectoGPA\\FindMeAPet_Backend\\src\\controllers\\auth.controllers.js": {"path":"C:\\Users\\eunic\\OneDrive\\Documents\\SEMESTRES_ESPOL\\NOVENO_SEMESTRE\\proyectoGPA\\FindMeAPet_Backend\\src\\controllers\\auth.controllers.js","statementMap":{"0":{"start":{"line":1,"column":13},"end":{"line":1,"column":35}},"1":{"start":{"line":2,"column":15},"end":{"line":2,"column":32}},"2":{"start":{"line":3,"column":12},"end":{"line":3,"column":35}},"3":{"start":{"line":4,"column":15},"end":{"line":4,"column":35}},"4":{"start":{"line":5,"column":12},"end":{"line":5,"column":36}},"5":{"start":{"line":6,"column":16},"end":{"line":6,"column":44}},"6":{"start":{"line":8,"column":0},"end":{"line":35,"column":2}},"7":{"start":{"line":9,"column":15},"end":{"line":9,"column":85}},"8":{"start":{"line":10,"column":2},"end":{"line":10,"column":20}},"9":{"start":{"line":11,"column":15},"end":{"line":21,"column":4}},"10":{"start":{"line":23,"column":2},"end":{"line":26,"column":3}},"11":{"start":{"line":24,"column":4},"end":{"line":24,"column":46}},"12":{"start":{"line":25,"column":4},"end":{"line":25,"column":11}},"13":{"start":{"line":27,"column":2},"end":{"line":27,"column":50}},"14":{"start":{"line":29,"column":18},"end":{"line":32,"column":3}},"15":{"start":{"line":33,"column":16},"end":{"line":33,"column":51}},"16":{"start":{"line":34,"column":2},"end":{"line":34,"column":75}}},"fnMap":{"0":{"name":"(anonymous_0)","decl":{"start":{"line":8,"column":16},"end":{"line":8,"column":17}},"loc":{"start":{"line":8,"column":36},"end":{"line":35,"column":1}},"line":8}},"branchMap":{"0":{"loc":{"start":{"line":23,"column":2},"end":{"line":26,"column":3}},"type":"if","locations":[{"start":{"line":23,"column":2},"end":{"line":26,"column":3}},{"start":{"line":23,"column":2},"end":{"line":26,"column":3}}],"line":23}},"s":{"0":1,"1":1,"2":1,"3":1,"4":1,"5":1,"6":1,"7":0,"8":0,"9":0,"10":0,"11":0,"12":0,"13":0,"14":0,"15":0,"16":0},"f":{"0":0},"b":{"0":[0,0]},"_coverageSchema":"1a1c01bbd47fc00a2c39e90264f33305004495a9","hash":"f4c886c27d03ae7f5f626894b0e4221947eb7728"}
,"C:\\Users\\eunic\\OneDrive\\Documents\\SEMESTRES_ESPOL\\NOVENO_SEMESTRE\\proyectoGPA\\FindMeAPet_Backend\\src\\controllers\\mascota.controllers.js": {"path":"C:\\Users\\eunic\\OneDrive\\Documents\\SEMESTRES_ESPOL\\NOVENO_SEMESTRE\\proyectoGPA\\FindMeAPet_Backend\\src\\controllers\\mascota.controllers.js","statementMap":{"0":{"start":{"line":1,"column":16},"end":{"line":1,"column":44}},"1":{"start":{"line":3,"column":0},"end":{"line":24,"column":2}},"2":{"start":{"line":4,"column":15},"end":{"line":21,"column":4}},"3":{"start":{"line":23,"column":2},"end":{"line":23,"column":29}},"4":{"start":{"line":25,"column":0},"end":{"line":75,"column":2}},"5":{"start":{"line":40,"column":6},"end":{"line":40,"column":14}},"6":{"start":{"line":41,"column":2},"end":{"line":57,"column":3}},"7":{"start":{"line":55,"column":4},"end":{"line":55,"column":57}},"8":{"start":{"line":56,"column":4},"end":{"line":56,"column":11}},"9":{"start":{"line":58,"column":18},"end":{"line":74,"column":4}},"10":{"start":{"line":73,"column":4},"end":{"line":73,"column":35}},"11":{"start":{"line":77,"column":0},"end":{"line":89,"column":2}},"12":{"start":{"line":78,"column":2},"end":{"line":88,"column":3}},"13":{"start":{"line":79,"column":15},"end":{"line":79,"column":23}},"14":{"start":{"line":80,"column":15},"end":{"line":84,"column":6}},"15":{"start":{"line":85,"column":4},"end":{"line":85,"column":35}},"16":{"start":{"line":87,"column":4},"end":{"line":87,"column":54}},"17":{"start":{"line":90,"column":0},"end":{"line":98,"column":2}},"18":{"start":{"line":91,"column":15},"end":{"line":95,"column":4}},"19":{"start":{"line":97,"column":2},"end":{"line":97,"column":29}},"20":{"start":{"line":100,"column":0},"end":{"line":112,"column":2}},"21":{"start":{"line":101,"column":2},"end":{"line":111,"column":3}},"22":{"start":{"line":102,"column":4},"end":{"line":106,"column":7}},"23":{"start":{"line":107,"column":4},"end":{"line":107,"column":27}},"24":{"start":{"line":109,"column":4},"end":{"line":109,"column":20}},"25":{"start":{"line":110,"column":4},"end":{"line":110,"column":48}}},"fnMap":{"0":{"name":"(anonymous_0)","decl":{"start":{"line":3,"column":22},"end":{"line":3,"column":23}},"loc":{"start":{"line":3,"column":42},"end":{"line":24,"column":1}},"line":3},"1":{"name":"(anonymous_1)","decl":{"start":{"line":25,"column":24},"end":{"line":25,"column":25}},"loc":{"start":{"line":25,"column":44},"end":{"line":75,"column":1}},"line":25},"2":{"name":"(anonymous_2)","decl":{"start":{"line":72,"column":10},"end":{"line":72,"column":11}},"loc":{"start":{"line":72,"column":20},"end":{"line":74,"column":3}},"line":72},"3":{"name":"(anonymous_3)","decl":{"start":{"line":77,"column":28},"end":{"line":77,"column":29}},"loc":{"start":{"line":77,"column":48},"end":{"line":89,"column":1}},"line":77},"4":{"name":"(anonymous_4)","decl":{"start":{"line":90,"column":25},"end":{"line":90,"column":26}},"loc":{"start":{"line":90,"column":45},"end":{"line":98,"column":1}},"line":90},"5":{"name":"(anonymous_5)","decl":{"start":{"line":100,"column":28},"end":{"line":100,"column":29}},"loc":{"start":{"line":100,"column":48},"end":{"line":112,"column":1}},"line":100}},"branchMap":{"0":{"loc":{"start":{"line":41,"column":2},"end":{"line":57,"column":3}},"type":"if","locations":[{"start":{"line":41,"column":2},"end":{"line":57,"column":3}},{"start":{"line":41,"column":2},"end":{"line":57,"column":3}}],"line":41},"1":{"loc":{"start":{"line":42,"column":4},"end":{"line":53,"column":28}},"type":"binary-expr","locations":[{"start":{"line":42,"column":4},"end":{"line":42,"column":24}},{"start":{"line":43,"column":4},"end":{"line":43,"column":33}},{"start":{"line":44,"column":4},"end":{"line":44,"column":23}},{"start":{"line":45,"column":4},"end":{"line":45,"column":33}},{"start":{"line":46,"column":4},"end":{"line":46,"column":29}},{"start":{"line":47,"column":4},"end":{"line":47,"column":33}},{"start":{"line":48,"column":4},"end":{"line":48,"column":30}},{"start":{"line":49,"column":4},"end":{"line":49,"column":29}},{"start":{"line":50,"column":4},"end":{"line":50,"column":22}},{"start":{"line":51,"column":4},"end":{"line":51,"column":27}},{"start":{"line":52,"column":4},"end":{"line":52,"column":30}},{"start":{"line":53,"column":4},"end":{"line":53,"column":28}}],"line":42}},"s":{"0":1,"1":1,"2":1,"3":1,"4":1,"5":1,"6":1,"7":0,"8":0,"9":1,"10":1,"11":1,"12":0,"13":0,"14":0,"15":0,"16":0,"17":1,"18":1,"19":1,"20":1,"21":1,"22":1,"23":1,"24":0,"25":0},"f":{"0":1,"1":1,"2":1,"3":0,"4":1,"5":1},"b":{"0":[0,1],"1":[1,1,1,1,1,1,1,1,1,1,1,1]},"_coverageSchema":"1a1c01bbd47fc00a2c39e90264f33305004495a9","hash":"0a835247b637cc34b0558224552f61b2019d769d"}
,"C:\\Users\\eunic\\OneDrive\\Documents\\SEMESTRES_ESPOL\\NOVENO_SEMESTRE\\proyectoGPA\\FindMeAPet_Backend\\src\\models\\mascota.js": {"path":"C:\\Users\\eunic\\OneDrive\\Documents\\SEMESTRES_ESPOL\\NOVENO_SEMESTRE\\proyectoGPA\\FindMeAPet_Backend\\src\\models\\mascota.js","statementMap":{"0":{"start":{"line":1,"column":29},"end":{"line":1,"column":49}},"1":{"start":{"line":2,"column":18},"end":{"line":2,"column":40}},"2":{"start":{"line":4,"column":0},"end":{"line":51,"column":2}},"3":{"start":{"line":53,"column":0},"end":{"line":53,"column":25}}},"fnMap":{},"branchMap":{},"s":{"0":1,"1":1,"2":1,"3":1},"f":{},"b":{},"_coverageSchema":"1a1c01bbd47fc00a2c39e90264f33305004495a9","hash":"23007bc4f923ad2b49ccfc3ec97a99667918e0c8"}
,"C:\\Users\\eunic\\OneDrive\\Documents\\SEMESTRES_ESPOL\\NOVENO_SEMESTRE\\proyectoGPA\\FindMeAPet_Backend\\src\\models\\rol.js": {"path":"C:\\Users\\eunic\\OneDrive\\Documents\\SEMESTRES_ESPOL\\NOVENO_SEMESTRE\\proyectoGPA\\FindMeAPet_Backend\\src\\models\\rol.js","statementMap":{"0":{"start":{"line":1,"column":29},"end":{"line":1,"column":49}},"1":{"start":{"line":2,"column":18},"end":{"line":2,"column":40}},"2":{"start":{"line":3,"column":16},"end":{"line":3,"column":36}},"3":{"start":{"line":5,"column":0},"end":{"line":23,"column":2}},"4":{"start":{"line":25,"column":0},"end":{"line":27,"column":3}},"5":{"start":{"line":29,"column":0},"end":{"line":31,"column":3}},"6":{"start":{"line":32,"column":0},"end":{"line":32,"column":21}}},"fnMap":{},"branchMap":{},"s":{"0":1,"1":1,"2":1,"3":1,"4":1,"5":1,"6":1},"f":{},"b":{},"_coverageSchema":"1a1c01bbd47fc00a2c39e90264f33305004495a9","hash":"a06b5349bb320f01259d03b4ea3491437952f63c"}
,"C:\\Users\\eunic\\OneDrive\\Documents\\SEMESTRES_ESPOL\\NOVENO_SEMESTRE\\proyectoGPA\\FindMeAPet_Backend\\src\\models\\usuario.js": {"path":"C:\\Users\\eunic\\OneDrive\\Documents\\SEMESTRES_ESPOL\\NOVENO_SEMESTRE\\proyectoGPA\\FindMeAPet_Backend\\src\\models\\usuario.js","statementMap":{"0":{"start":{"line":1,"column":29},"end":{"line":1,"column":49}},"1":{"start":{"line":2,"column":18},"end":{"line":2,"column":40}},"2":{"start":{"line":4,"column":0},"end":{"line":63,"column":2}},"3":{"start":{"line":65,"column":0},"end":{"line":65,"column":25}}},"fnMap":{},"branchMap":{},"s":{"0":1,"1":1,"2":1,"3":1},"f":{},"b":{},"_coverageSchema":"1a1c01bbd47fc00a2c39e90264f33305004495a9","hash":"79a80944eaf3f556c12f0e05868e128df1fb6ba2"}
,"C:\\Users\\eunic\\OneDrive\\Documents\\SEMESTRES_ESPOL\\NOVENO_SEMESTRE\\proyectoGPA\\FindMeAPet_Backend\\src\\routes\\auth.routes.js": {"path":"C:\\Users\\eunic\\OneDrive\\Documents\\SEMESTRES_ESPOL\\NOVENO_SEMESTRE\\proyectoGPA\\FindMeAPet_Backend\\src\\routes\\auth.routes.js","statementMap":{"0":{"start":{"line":1,"column":15},"end":{"line":1,"column":33}},"1":{"start":{"line":2,"column":16},"end":{"line":2,"column":24}},"2":{"start":{"line":4,"column":23},"end":{"line":4,"column":65}},"3":{"start":{"line":6,"column":0},"end":{"line":6,"column":40}},"4":{"start":{"line":8,"column":0},"end":{"line":8,"column":25}}},"fnMap":{},"branchMap":{},"s":{"0":1,"1":1,"2":1,"3":1,"4":1},"f":{},"b":{},"_coverageSchema":"1a1c01bbd47fc00a2c39e90264f33305004495a9","hash":"2cc59f7e8ab1efd0d8b0fc5c60f28713c2563733"}
,"C:\\Users\\eunic\\OneDrive\\Documents\\SEMESTRES_ESPOL\\NOVENO_SEMESTRE\\proyectoGPA\\FindMeAPet_Backend\\src\\routes\\mascota.routes.js": {"path":"C:\\Users\\eunic\\OneDrive\\Documents\\SEMESTRES_ESPOL\\NOVENO_SEMESTRE\\proyectoGPA\\FindMeAPet_Backend\\src\\routes\\mascota.routes.js","statementMap":{"0":{"start":{"line":1,"column":15},"end":{"line":1,"column":33}},"1":{"start":{"line":2,"column":16},"end":{"line":2,"column":24}},"2":{"start":{"line":3,"column":26},"end":{"line":3,"column":71}},"3":{"start":{"line":5,"column":0},"end":{"line":5,"column":51}},"4":{"start":{"line":6,"column":0},"end":{"line":6,"column":48}},"5":{"start":{"line":7,"column":0},"end":{"line":7,"column":61}},"6":{"start":{"line":8,"column":0},"end":{"line":8,"column":64}},"7":{"start":{"line":9,"column":0},"end":{"line":9,"column":67}},"8":{"start":{"line":10,"column":0},"end":{"line":10,"column":25}}},"fnMap":{},"branchMap":{},"s":{"0":1,"1":1,"2":1,"3":1,"4":1,"5":1,"6":1,"7":1,"8":1},"f":{},"b":{},"_coverageSchema":"1a1c01bbd47fc00a2c39e90264f33305004495a9","hash":"e9f40c846c3b5632373d545c0342881ddd8e39d4"}
}
